{"level":"INFO","time":"2023-02-10T16:07:47.800+0800","caller":"user/user.go:41","msg":"短信平台调用成功，发送短信 INFO"}
{"level":"WARN","time":"2023-02-10T16:07:47.803+0800","caller":"user/user.go:43","msg":"短信平台调用成功，发送短信 WARN"}
{"level":"INFO","time":"2023-02-10T16:34:09.960+0800","caller":"user/user.go:41","msg":"短信平台调用成功，发送短信 INFO"}
{"level":"WARN","time":"2023-02-10T16:34:09.961+0800","caller":"user/user.go:43","msg":"短信平台调用成功，发送短信 WARN"}
{"level":"INFO","time":"2023-02-10T20:49:43.404+0800","caller":"user/user.go:43","msg":"短信平台调用成功，发送短信 INFO"}
{"level":"WARN","time":"2023-02-10T20:49:43.406+0800","caller":"user/user.go:45","msg":"短信平台调用成功，发送短信 WARN"}
{"level":"INFO","time":"2023-02-10T21:57:59.470+0800","caller":"login.service.v1/login_service.go:38","msg":"短信平台调用成功，发送短信 INFO"}
{"level":"WARN","time":"2023-02-10T21:57:59.471+0800","caller":"login.service.v1/login_service.go:40","msg":"短信平台调用成功，发送短信 WARN"}
{"level":"INFO","time":"2023-02-13T18:50:10.948+0800","caller":"login.service.v1/login_service.go:38","msg":"短信平台调用成功，发送短信 INFO"}
{"level":"WARN","time":"2023-02-13T18:50:10.950+0800","caller":"login.service.v1/login_service.go:40","msg":"短信平台调用成功，发送短信 WARN"}
{"level":"INFO","time":"2023-02-13T18:56:44.847+0800","caller":"login.service.v1/login_service.go:38","msg":"短信平台调用成功，发送短信 INFO"}
{"level":"WARN","time":"2023-02-13T18:56:44.848+0800","caller":"login.service.v1/login_service.go:40","msg":"短信平台调用成功，发送短信 WARN"}
{"level":"INFO","time":"2023-02-13T19:00:56.683+0800","caller":"login.service.v1/login_service.go:38","msg":"短信平台调用成功，发送短信 INFO"}
{"level":"WARN","time":"2023-02-13T19:00:56.683+0800","caller":"login.service.v1/login_service.go:40","msg":"短信平台调用成功，发送短信 WARN"}
{"level":"INFO","time":"2023-02-13T19:02:55.598+0800","caller":"login.service.v1/login_service.go:38","msg":"短信平台调用成功，发送短信 INFO"}
{"level":"WARN","time":"2023-02-13T19:02:55.599+0800","caller":"login.service.v1/login_service.go:40","msg":"短信平台调用成功，发送短信 WARN"}
{"level":"INFO","time":"2023-02-13T19:03:26.888+0800","caller":"login.service.v1/login_service.go:38","msg":"短信平台调用成功，发送短信 INFO"}
{"level":"WARN","time":"2023-02-13T19:03:26.889+0800","caller":"login.service.v1/login_service.go:40","msg":"短信平台调用成功，发送短信 WARN"}
{"level":"INFO","time":"2023-02-13T19:11:51.991+0800","caller":"login.service.v1/login_service.go:38","msg":"短信平台调用成功，发送短信 INFO"}
{"level":"WARN","time":"2023-02-13T19:11:51.991+0800","caller":"login.service.v1/login_service.go:40","msg":"短信平台调用成功，发送短信 WARN"}
{"level":"INFO","time":"2023-02-13T19:15:42.663+0800","caller":"login.service.v1/login_service.go:38","msg":"短信平台调用成功，发送短信 INFO"}
{"level":"WARN","time":"2023-02-13T19:15:42.663+0800","caller":"login.service.v1/login_service.go:40","msg":"短信平台调用成功，发送短信 WARN"}
{"level":"INFO","time":"2023-02-20T15:30:54.233+0800","caller":"login.service.v1/login_service.go:39","msg":"短信平台调用成功，发送短信 INFO"}
{"level":"WARN","time":"2023-02-20T15:30:54.234+0800","caller":"login.service.v1/login_service.go:41","msg":"短信平台调用成功，发送短信 WARN"}
{"level":"INFO","time":"2023-02-20T17:42:39.417+0800","caller":"login.service.v1/login_service.go:39","msg":"短信平台调用成功，发送短信 INFO"}
{"level":"WARN","time":"2023-02-20T17:42:39.418+0800","caller":"login.service.v1/login_service.go:41","msg":"短信平台调用成功，发送短信 WARN"}
{"level":"INFO","time":"2023-02-20T18:02:32.902+0800","caller":"login.service.v1/login_service.go:39","msg":"短信平台调用成功，发送短信 INFO"}
{"level":"WARN","time":"2023-02-20T18:02:32.902+0800","caller":"login.service.v1/login_service.go:41","msg":"短信平台调用成功，发送短信 WARN"}
{"level":"ERROR","time":"2023-02-20T18:39:47.649+0800","caller":"discovery/discovery.go:118","msg":"register failed","error":"context deadline exceeded"}
{"level":"ERROR","time":"2023-02-20T18:39:50.651+0800","caller":"discovery/discovery.go:118","msg":"register failed","error":"context deadline exceeded"}
{"level":"ERROR","time":"2023-02-20T18:39:53.652+0800","caller":"discovery/discovery.go:118","msg":"register failed","error":"context deadline exceeded"}
{"level":"ERROR","time":"2023-02-20T18:39:56.652+0800","caller":"discovery/discovery.go:118","msg":"register failed","error":"context deadline exceeded"}
{"level":"ERROR","time":"2023-02-20T18:39:59.654+0800","caller":"discovery/discovery.go:118","msg":"register failed","error":"context deadline exceeded"}
{"level":"ERROR","time":"2023-02-20T18:40:02.655+0800","caller":"discovery/discovery.go:118","msg":"register failed","error":"context deadline exceeded"}
{"level":"ERROR","time":"2023-02-20T18:40:05.657+0800","caller":"discovery/discovery.go:118","msg":"register failed","error":"context deadline exceeded"}
{"level":"ERROR","time":"2023-02-20T18:40:08.659+0800","caller":"discovery/discovery.go:118","msg":"register failed","error":"context deadline exceeded"}
{"level":"ERROR","time":"2023-02-20T18:40:11.660+0800","caller":"discovery/discovery.go:118","msg":"register failed","error":"context deadline exceeded"}
{"level":"ERROR","time":"2023-02-20T18:40:14.661+0800","caller":"discovery/discovery.go:118","msg":"register failed","error":"context deadline exceeded"}
{"level":"ERROR","time":"2023-02-20T18:40:17.663+0800","caller":"discovery/discovery.go:118","msg":"register failed","error":"context deadline exceeded"}
{"level":"ERROR","time":"2023-02-20T18:40:20.664+0800","caller":"discovery/discovery.go:118","msg":"register failed","error":"context deadline exceeded"}
{"level":"ERROR","time":"2023-02-20T18:40:23.665+0800","caller":"discovery/discovery.go:118","msg":"register failed","error":"context deadline exceeded"}
{"level":"ERROR","time":"2023-02-20T18:40:26.667+0800","caller":"discovery/discovery.go:118","msg":"register failed","error":"context deadline exceeded"}
{"level":"ERROR","time":"2023-02-20T18:40:29.667+0800","caller":"discovery/discovery.go:118","msg":"register failed","error":"context deadline exceeded"}
{"level":"ERROR","time":"2023-02-20T18:40:32.668+0800","caller":"discovery/discovery.go:118","msg":"register failed","error":"context deadline exceeded"}
{"level":"ERROR","time":"2023-02-20T18:40:35.669+0800","caller":"discovery/discovery.go:118","msg":"register failed","error":"context deadline exceeded"}
{"level":"ERROR","time":"2023-02-20T18:40:36.624+0800","caller":"discovery/resolver.go:104","msg":"sync failed","error":"context deadline exceeded"}
{"level":"ERROR","time":"2023-02-20T18:40:38.670+0800","caller":"discovery/discovery.go:118","msg":"register failed","error":"context deadline exceeded"}
{"level":"ERROR","time":"2023-02-20T18:40:41.671+0800","caller":"discovery/discovery.go:118","msg":"register failed","error":"context deadline exceeded"}
{"level":"INFO","time":"2023-02-20T18:46:06.476+0800","caller":"login.service.v1/login_service.go:39","msg":"短信平台调用成功，发送短信 INFO"}
{"level":"WARN","time":"2023-02-20T18:46:06.476+0800","caller":"login.service.v1/login_service.go:41","msg":"短信平台调用成功，发送短信 WARN"}
{"level":"INFO","time":"2023-02-20T18:46:30.249+0800","caller":"login.service.v1/login_service.go:39","msg":"短信平台调用成功，发送短信 INFO"}
{"level":"WARN","time":"2023-02-20T18:46:30.250+0800","caller":"login.service.v1/login_service.go:41","msg":"短信平台调用成功，发送短信 WARN"}
