{"level":"WARN","time":"2023-02-10T16:07:47.803+0800","caller":"user/user.go:43","msg":"短信平台调用成功，发送短信 WARN"}
{"level":"WARN","time":"2023-02-10T16:34:09.961+0800","caller":"user/user.go:43","msg":"短信平台调用成功，发送短信 WARN"}
{"level":"WARN","time":"2023-02-10T20:49:43.406+0800","caller":"user/user.go:45","msg":"短信平台调用成功，发送短信 WARN"}
{"level":"WARN","time":"2023-02-10T21:57:59.471+0800","caller":"login.service.v1/login_service.go:40","msg":"短信平台调用成功，发送短信 WARN"}
{"level":"WARN","time":"2023-02-13T18:50:10.950+0800","caller":"login.service.v1/login_service.go:40","msg":"短信平台调用成功，发送短信 WARN"}
{"level":"WARN","time":"2023-02-13T18:56:44.848+0800","caller":"login.service.v1/login_service.go:40","msg":"短信平台调用成功，发送短信 WARN"}
{"level":"WARN","time":"2023-02-13T19:00:56.683+0800","caller":"login.service.v1/login_service.go:40","msg":"短信平台调用成功，发送短信 WARN"}
{"level":"WARN","time":"2023-02-13T19:02:55.599+0800","caller":"login.service.v1/login_service.go:40","msg":"短信平台调用成功，发送短信 WARN"}
{"level":"WARN","time":"2023-02-13T19:03:26.889+0800","caller":"login.service.v1/login_service.go:40","msg":"短信平台调用成功，发送短信 WARN"}
{"level":"WARN","time":"2023-02-13T19:11:51.991+0800","caller":"login.service.v1/login_service.go:40","msg":"短信平台调用成功，发送短信 WARN"}
{"level":"WARN","time":"2023-02-13T19:15:42.663+0800","caller":"login.service.v1/login_service.go:40","msg":"短信平台调用成功，发送短信 WARN"}
{"level":"WARN","time":"2023-02-20T15:30:54.234+0800","caller":"login.service.v1/login_service.go:41","msg":"短信平台调用成功，发送短信 WARN"}
{"level":"WARN","time":"2023-02-20T17:42:39.418+0800","caller":"login.service.v1/login_service.go:41","msg":"短信平台调用成功，发送短信 WARN"}
{"level":"WARN","time":"2023-02-20T18:02:32.902+0800","caller":"login.service.v1/login_service.go:41","msg":"短信平台调用成功，发送短信 WARN"}
{"level":"ERROR","time":"2023-02-20T18:39:47.649+0800","caller":"discovery/discovery.go:118","msg":"register failed","error":"context deadline exceeded"}
{"level":"ERROR","time":"2023-02-20T18:39:50.651+0800","caller":"discovery/discovery.go:118","msg":"register failed","error":"context deadline exceeded"}
{"level":"ERROR","time":"2023-02-20T18:39:53.652+0800","caller":"discovery/discovery.go:118","msg":"register failed","error":"context deadline exceeded"}
{"level":"ERROR","time":"2023-02-20T18:39:56.652+0800","caller":"discovery/discovery.go:118","msg":"register failed","error":"context deadline exceeded"}
{"level":"ERROR","time":"2023-02-20T18:39:59.654+0800","caller":"discovery/discovery.go:118","msg":"register failed","error":"context deadline exceeded"}
{"level":"ERROR","time":"2023-02-20T18:40:02.655+0800","caller":"discovery/discovery.go:118","msg":"register failed","error":"context deadline exceeded"}
{"level":"ERROR","time":"2023-02-20T18:40:05.657+0800","caller":"discovery/discovery.go:118","msg":"register failed","error":"context deadline exceeded"}
{"level":"ERROR","time":"2023-02-20T18:40:08.659+0800","caller":"discovery/discovery.go:118","msg":"register failed","error":"context deadline exceeded"}
{"level":"ERROR","time":"2023-02-20T18:40:11.660+0800","caller":"discovery/discovery.go:118","msg":"register failed","error":"context deadline exceeded"}
{"level":"ERROR","time":"2023-02-20T18:40:14.661+0800","caller":"discovery/discovery.go:118","msg":"register failed","error":"context deadline exceeded"}
{"level":"ERROR","time":"2023-02-20T18:40:17.663+0800","caller":"discovery/discovery.go:118","msg":"register failed","error":"context deadline exceeded"}
{"level":"ERROR","time":"2023-02-20T18:40:20.664+0800","caller":"discovery/discovery.go:118","msg":"register failed","error":"context deadline exceeded"}
{"level":"ERROR","time":"2023-02-20T18:40:23.665+0800","caller":"discovery/discovery.go:118","msg":"register failed","error":"context deadline exceeded"}
{"level":"ERROR","time":"2023-02-20T18:40:26.667+0800","caller":"discovery/discovery.go:118","msg":"register failed","error":"context deadline exceeded"}
{"level":"ERROR","time":"2023-02-20T18:40:29.667+0800","caller":"discovery/discovery.go:118","msg":"register failed","error":"context deadline exceeded"}
{"level":"ERROR","time":"2023-02-20T18:40:32.668+0800","caller":"discovery/discovery.go:118","msg":"register failed","error":"context deadline exceeded"}
{"level":"ERROR","time":"2023-02-20T18:40:35.669+0800","caller":"discovery/discovery.go:118","msg":"register failed","error":"context deadline exceeded"}
{"level":"ERROR","time":"2023-02-20T18:40:36.624+0800","caller":"discovery/resolver.go:104","msg":"sync failed","error":"context deadline exceeded"}
{"level":"ERROR","time":"2023-02-20T18:40:38.670+0800","caller":"discovery/discovery.go:118","msg":"register failed","error":"context deadline exceeded"}
{"level":"ERROR","time":"2023-02-20T18:40:41.671+0800","caller":"discovery/discovery.go:118","msg":"register failed","error":"context deadline exceeded"}
{"level":"WARN","time":"2023-02-20T18:46:06.476+0800","caller":"login.service.v1/login_service.go:41","msg":"短信平台调用成功，发送短信 WARN"}
{"level":"WARN","time":"2023-02-20T18:46:30.250+0800","caller":"login.service.v1/login_service.go:41","msg":"短信平台调用成功，发送短信 WARN"}
{"level":"ERROR","time":"2023-02-21T12:25:28.851+0800","caller":"discovery/resolver.go:104","msg":"sync failed","error":"context deadline exceeded"}
{"level":"WARN","time":"2023-02-21T16:34:46.700+0800","caller":"login.service.v1/login_service.go:48","msg":"短信平台调用成功，发送短信 WARN"}
{"level":"ERROR","time":"2023-02-21T16:35:33.058+0800","caller":"login.service.v1/login_service.go:70","msg":"Register redis get error","error":"redis: nil"}
{"level":"WARN","time":"2023-02-21T16:36:42.852+0800","caller":"login.service.v1/login_service.go:48","msg":"短信平台调用成功，发送短信 WARN"}
{"level":"ERROR","time":"2023-02-21T16:37:32.464+0800","caller":"login.service.v1/login_service.go:70","msg":"Register redis get error","error":"redis: nil"}
{"level":"ERROR","time":"2023-02-21T16:39:04.919+0800","caller":"login.service.v1/login_service.go:70","msg":"Register redis get error","error":"redis: nil"}
{"level":"ERROR","time":"2023-02-21T16:40:50.335+0800","caller":"login.service.v1/login_service.go:70","msg":"Register redis get error","error":"redis: nil"}
{"level":"ERROR","time":"2023-02-21T16:40:52.116+0800","caller":"login.service.v1/login_service.go:70","msg":"Register redis get error","error":"redis: nil"}
{"level":"ERROR","time":"2023-02-21T16:40:53.485+0800","caller":"login.service.v1/login_service.go:70","msg":"Register redis get error","error":"redis: nil"}
{"level":"ERROR","time":"2023-02-21T16:46:11.565+0800","caller":"login.service.v1/login_service.go:68","msg":"Register redis get error","error":"redis: nil"}
{"level":"ERROR","time":"2023-02-21T16:49:42.438+0800","caller":"login.service.v1/login_service.go:68","msg":"Register redis get error","error":"context deadline exceeded"}
{"level":"ERROR","time":"2023-02-21T16:49:42.439+0800","caller":"discovery/discovery.go:118","msg":"register failed","error":"context deadline exceeded"}
{"level":"ERROR","time":"2023-02-21T16:50:39.739+0800","caller":"login.service.v1/login_service.go:67","msg":"Register redis get error","error":"redis: nil"}
{"level":"ERROR","time":"2023-03-06T09:35:11.927+0800","caller":"login.service.v1/login_service.go:210","msg":"Login TokenVerify ParseToken error","error":"token is malformed: token contains an invalid number of segments"}
{"level":"ERROR","time":"2023-03-07T11:51:06.654+0800","caller":"login.service.v1/login_service.go:216","msg":"Login TokenVerify ParseToken error","error":"token is malformed: token contains an invalid number of segments"}
{"level":"ERROR","time":"2023-03-07T12:04:34.690+0800","caller":"project.service.v1/project_service.go:58","msg":"menu FindProjectByMember error","error":"Error 1054 (42S22): Unknown column 'member_code' in 'where clause'"}
{"level":"ERROR","time":"2023-03-07T12:08:49.549+0800","caller":"project.service.v1/project_service.go:58","msg":"menu FindProjectByMember error","error":"Error 1054 (42S22): Unknown column 'member_code' in 'where clause'"}
{"level":"ERROR","time":"2023-03-07T12:09:05.852+0800","caller":"project.service.v1/project_service.go:58","msg":"menu FindProjectByMember error","error":"Error 1054 (42S22): Unknown column 'member_code' in 'where clause'"}
{"level":"ERROR","time":"2023-03-08T14:34:10.548+0800","caller":"discovery/resolver.go:104","msg":"sync failed","error":"context deadline exceeded"}
{"level":"ERROR","time":"2023-03-08T14:34:07.245+0800","caller":"discovery/discovery.go:118","msg":"register failed","error":"context deadline exceeded"}
{"level":"ERROR","time":"2023-03-08T14:34:07.738+0800","caller":"discovery/discovery.go:118","msg":"register failed","error":"context deadline exceeded"}
{"level":"ERROR","time":"2023-03-08T14:34:10.598+0800","caller":"discovery/resolver.go:104","msg":"sync failed","error":"context deadline exceeded"}
{"level":"ERROR","time":"2023-03-08T14:46:54.890+0800","caller":"discovery/discovery.go:118","msg":"register failed","error":"context deadline exceeded"}
{"level":"ERROR","time":"2023-03-08T14:46:55.080+0800","caller":"discovery/discovery.go:118","msg":"register failed","error":"context deadline exceeded"}
{"level":"ERROR","time":"2023-03-08T14:46:55.283+0800","caller":"discovery/resolver.go:104","msg":"sync failed","error":"context deadline exceeded"}
{"level":"ERROR","time":"2023-03-08T14:46:55.432+0800","caller":"discovery/resolver.go:104","msg":"sync failed","error":"context deadline exceeded"}
{"level":"ERROR","time":"2023-03-08T14:46:58.049+0800","caller":"discovery/discovery.go:118","msg":"register failed","error":"context deadline exceeded"}
{"level":"ERROR","time":"2023-03-08T14:46:58.104+0800","caller":"discovery/discovery.go:118","msg":"register failed","error":"context deadline exceeded"}
{"level":"ERROR","time":"2023-03-08T14:47:01.109+0800","caller":"discovery/discovery.go:118","msg":"register failed","error":"context deadline exceeded"}
{"level":"ERROR","time":"2023-03-08T14:47:01.223+0800","caller":"discovery/discovery.go:118","msg":"register failed","error":"context deadline exceeded"}
{"level":"ERROR","time":"2023-03-08T16:31:11.928+0800","caller":"project.service.v1/project_service.go:130","msg":"FindProjectTemplate FindInProTemIds error","error":"context canceled"}
{"level":"ERROR","time":"2023-03-08T16:31:11.928+0800","caller":"discovery/discovery.go:118","msg":"register failed","error":"context deadline exceeded"}
{"level":"ERROR","time":"2023-03-08T16:31:31.872+0800","caller":"discovery/discovery.go:118","msg":"register failed","error":"context deadline exceeded"}
{"level":"ERROR","time":"2023-03-12T20:09:31.490+0800","caller":"project.service.v1/project_service.go:225","msg":"FindProjectDetail FindMemberInfoById error","error":"rpc error: code = Unavailable desc = error reading from server: read tcp 127.0.0.1:55749->127.0.0.1:8881: wsarecv: An existing connection was forcibly closed by the remote host."}
{"level":"ERROR","time":"2023-03-12T20:28:32.430+0800","caller":"project.service.v1/project_service.go:218","msg":"FindProjectDetail FindProjectByPIdAndMemId error","error":"context deadline exceeded"}
{"level":"ERROR","time":"2023-03-12T20:28:32.431+0800","caller":"discovery/discovery.go:118","msg":"register failed","error":"context deadline exceeded"}
{"level":"ERROR","time":"2023-03-12T20:29:30.666+0800","caller":"project.service.v1/project_service.go:218","msg":"FindProjectDetail FindProjectByPIdAndMemId error","error":"context deadline exceeded"}
{"level":"ERROR","time":"2023-03-12T20:29:30.687+0800","caller":"discovery/discovery.go:118","msg":"register failed","error":"etcdserver: requested lease not found"}
{"level":"ERROR","time":"2023-03-12T20:32:19.326+0800","caller":"project.service.v1/project_service.go:218","msg":"FindProjectDetail FindProjectByPIdAndMemId error","error":"context deadline exceeded"}
{"level":"ERROR","time":"2023-03-12T20:32:19.330+0800","caller":"discovery/discovery.go:118","msg":"register failed","error":"etcdserver: requested lease not found"}
{"level":"ERROR","time":"2023-03-12T20:35:18.330+0800","caller":"project.service.v1/project_service.go:218","msg":"FindProjectDetail FindProjectByPIdAndMemId error","error":"context deadline exceeded"}
{"level":"ERROR","time":"2023-03-12T20:52:07.848+0800","caller":"discovery/resolver.go:104","msg":"sync failed","error":"context deadline exceeded"}
{"level":"ERROR","time":"2023-03-12T21:06:45.148+0800","caller":"project.service.v1/project_service.go:225","msg":"FindProjectDetail FindMemberInfoById error","error":"rpc error: code = Unavailable desc = error reading from server: read tcp 127.0.0.1:57869->127.0.0.1:8881: wsarecv: An existing connection was forcibly closed by the remote host."}
{"level":"ERROR","time":"2023-03-12T21:09:58.104+0800","caller":"project.service.v1/project_service.go:225","msg":"FindProjectDetail FindMemberInfoById error","error":"rpc error: code = Unavailable desc = error reading from server: read tcp 127.0.0.1:58040->127.0.0.1:8881: wsarecv: An existing connection was forcibly closed by the remote host."}
{"level":"ERROR","time":"2023-03-12T23:27:45.151+0800","caller":"project.service.v1/project_service.go:225","msg":"FindProjectDetail FindMemberInfoById error","error":"rpc error: code = Unavailable desc = name resolver error: produced zero addresses"}
{"level":"ERROR","time":"2023-03-13T10:08:29.510+0800","caller":"discovery/discovery.go:118","msg":"register failed","error":"context deadline exceeded"}
{"level":"ERROR","time":"2023-03-13T10:05:10.450+0800","caller":"project.service.v1/project_service.go:130","msg":"FindProjectTemplate FindProjectTemplate error","error":"context deadline exceeded"}
{"level":"ERROR","time":"2023-03-13T10:08:29.510+0800","caller":"discovery/resolver.go:104","msg":"sync failed","error":"context deadline exceeded"}
{"level":"ERROR","time":"2023-03-13T10:12:52.141+0800","caller":"discovery/resolver.go:104","msg":"sync failed","error":"context deadline exceeded"}
{"level":"ERROR","time":"2023-03-13T10:12:52.141+0800","caller":"discovery/resolver.go:104","msg":"sync failed","error":"context deadline exceeded"}
{"level":"ERROR","time":"2023-03-14T16:20:39.183+0800","caller":"project.service.v1/project_service.go:245","msg":"FindProjectDetail FindProjectByPIdAndMemId error","error":"Error 1054 (42S22): Unknown column 'b.is_ownwer' in 'field list'"}
{"level":"ERROR","time":"2023-03-14T16:20:46.214+0800","caller":"project.service.v1/project_service.go:245","msg":"FindProjectDetail FindProjectByPIdAndMemId error","error":"Error 1054 (42S22): Unknown column 'b.is_ownwer' in 'field list'"}
{"level":"ERROR","time":"2023-03-14T16:20:49.652+0800","caller":"project.service.v1/project_service.go:245","msg":"FindProjectDetail FindProjectByPIdAndMemId error","error":"Error 1054 (42S22): Unknown column 'b.is_ownwer' in 'field list'"}
{"level":"ERROR","time":"2023-03-14T16:21:01.614+0800","caller":"project.service.v1/project_service.go:245","msg":"FindProjectDetail FindProjectByPIdAndMemId error","error":"Error 1054 (42S22): Unknown column 'b.is_ownwer' in 'field list'"}
{"level":"ERROR","time":"2023-03-14T16:21:22.926+0800","caller":"project.service.v1/project_service.go:245","msg":"FindProjectDetail FindProjectByPIdAndMemId error","error":"Error 1054 (42S22): Unknown column 'b.is_ownwer' in 'field list'"}
